<?xml version="1.0" encoding="UTF-8"?>
<testsuite name="SimpleCalculatorTest" tests="8" skipped="0" failures="0" errors="0" timestamp="2020-06-18T07:20:53" hostname="vuhaile-host" time="0.005">
  <properties/>
  <testcase name="testSub0and0" classname="SimpleCalculatorTest" time="0.003"/>
  <testcase name="testSub0and1" classname="SimpleCalculatorTest" time="0.0"/>
  <testcase name="testSub1and0" classname="SimpleCalculatorTest" time="0.0"/>
  <testcase name="testSub5and3" classname="SimpleCalculatorTest" time="0.0"/>
  <testcase name="testAdd0And0" classname="SimpleCalculatorTest" time="0.0"/>
  <testcase name="testAdd0And1" classname="SimpleCalculatorTest" time="0.0"/>
  <testcase name="testAdd1And0" classname="SimpleCalculatorTest" time="0.0"/>
  <testcase name="testAdd5And3" classname="SimpleCalculatorTest" time="0.0"/>
  <system-out><![CDATA[]]></system-out>
  <system-err><![CDATA[]]></system-err>
</testsuite>
