<?xml version="1.0" encoding="UTF-8"?>
<testsuite name="TriangleClassifierTest" tests="7" skipped="0" failures="0" errors="0" timestamp="2020-06-18T14:30:26" hostname="vuhaile-host" time="0.028">
  <properties/>
  <testcase name="testRightTriangle()" classname="TriangleClassifierTest" time="0.018"/>
  <testcase name="testIsoscelesTriangle()" classname="TriangleClassifierTest" time="0.0"/>
  <testcase name="testUnrealTriangleCase1()" classname="TriangleClassifierTest" time="0.001"/>
  <testcase name="testUnrealTriangleCase2()" classname="TriangleClassifierTest" time="0.001"/>
  <testcase name="testUnrealTriangleCase3()" classname="TriangleClassifierTest" time="0.001"/>
  <testcase name="testEquilateralTriangle()" classname="TriangleClassifierTest" time="0.001"/>
  <testcase name="testNormalTriangle()" classname="TriangleClassifierTest" time="0.001"/>
  <system-out><![CDATA[]]></system-out>
  <system-err><![CDATA[]]></system-err>
</testsuite>
