<?xml version="1.0" encoding="UTF-8"?>
<testsuite name="AbsoluteNumberCalculatorTest" tests="3" skipped="0" failures="0" errors="0" timestamp="2020-06-18T14:45:29" hostname="vuhaile-host" time="0.026">
  <properties/>
  <testcase name="testCasePositive()" classname="AbsoluteNumberCalculatorTest" time="0.021"/>
  <testcase name="testCaseNegative()" classname="AbsoluteNumberCalculatorTest" time="0.001"/>
  <testcase name="testCaseZero()" classname="AbsoluteNumberCalculatorTest" time="0.001"/>
  <system-out><![CDATA[]]></system-out>
  <system-err><![CDATA[]]></system-err>
</testsuite>
